// 重构日志: 4e221a31
// 重构日志: d2616f60
// 重构日志: 2b75e5df
// 同步 ID: e43f6619 @ Sun May 31 10:15:42 UTC 2026
// 重构日志: 9801ab43
// 同步 ID: 3c12612a @ Fri Jun  5 17:36:52 UTC 2026
// 重构日志: ae3630db
// 重构日志: 10768e05
// 同步 ID: 4a31ac31 @ Tue Jun  9 10:48:05 UTC 2026
// 重构日志: 7f572291
// 同步 ID: 7b154a8d @ Wed Jun 10 12:58:23 UTC 2026
// 重构日志: 5ca8926b
// 同步 ID: 6e4c3c77 @ Thu Jun 11 14:49:09 UTC 2026
// 重构日志: 98925eea
// 重构日志: 22b1b636
// 重构日志: 28a76e68
// 同步 ID: 48804e85 @ Sun Jun 14 21:22:33 UTC 2026
// 重构日志: 03c067e1
// 重构日志: 29048111
// 重构日志: 99c8a3c5
// 同步 ID: 72db414b @ Tue Jun 16 18:22:43 UTC 2026
// 重构日志: 0ecfeccb
// 重构日志: 15bff2c5
// 重构日志: 7b559daa
// 重构日志: d92d1515
// 重构日志: 1c4aa36d
// 同步 ID: 56b8e4c9 @ Mon Jun 22 02:14:59 UTC 2026
// 同步 ID: 4811f242 @ Tue Jun 23 12:29:44 UTC 2026
// 同步 ID: 64de400c @ Wed Jun 24 17:51:09 UTC 2026
// 同步 ID: 05af7611 @ Fri Jun 26 15:26:24 UTC 2026
